<?xml version="1.0" encoding="UTF-8"?>
<testsuite xmlns:xsi="http://www.w3.org/2001/XMLSchema-instance" xsi:noNamespaceSchemaLocation="https://maven.apache.org/surefire/maven-surefire-plugin/xsd/surefire-test-report.xsd" version="3.0.2" name="org.example.Controllers.GroupAcceptanceTest" time="1.729" tests="5" errors="0" skipped="0" failures="0">
  <properties>
[...]
</properties>
  <testcase name="givenValidGroup_whenGetRequestIsMade_thenReturnSuccess" classname="org.example.Controllers.GroupAcceptanceTest" time="0.056">
    <system-out><![CDATA[2024-12-19T13:23:28.011+01:00  INFO 44163 --- [           main] t.c.s.AnnotationConfigContextLoaderUtils : Could not detect default configuration classes for test class [org.example.Controllers.GroupAcceptanceTest]: GroupAcceptanceTest does not declare any static, non-private, non-final, nested classes annotated with @Configuration.
2024-12-19T13:23:28.013+01:00  INFO 44163 --- [           main] .b.t.c.SpringBootTestContextBootstrapper : Found @SpringBootConfiguration org.example.MendeleevApplication for test class org.example.Controllers.GroupAcceptanceTest
2024-12-19T13:23:28.016+01:00  INFO 44163 --- [           main] o.s.b.d.r.RestartApplicationListener     : Restart disabled due to context in which it is running

  .   ____          _            __ _ _
 /\\ / ___'_ __ _ _(_)_ __  __ _ \ \ \ \
( ( )\___ | '_ | '_| | '_ \/ _` | \ \ \ \
 \\/  ___)| |_)| | | | | || (_| |  ) ) ) )
  '  |____| .__|_| |_|_| |_\__, | / / / /
 =========|_|==============|___/=/_/_/_/

 :: Spring Boot ::                (v3.4.0)

2024-12-19T13:23:28.035+01:00  INFO 44163 --- [           main] o.e.Controllers.GroupAcceptanceTest      : Starting GroupAcceptanceTest using Java 21.0.5 with PID 44163 (started by lay in /home/lay/Documentos/bootcamp/springboot/MendeleevAPI)
2024-12-19T13:23:28.035+01:00  INFO 44163 --- [           main] o.e.Controllers.GroupAcceptanceTest      : The following 1 profile is active: "test"
2024-12-19T13:23:28.128+01:00  INFO 44163 --- [           main] .s.d.r.c.RepositoryConfigurationDelegate : Bootstrapping Spring Data JPA repositories in DEFAULT mode.
2024-12-19T13:23:28.134+01:00  INFO 44163 --- [           main] .s.d.r.c.RepositoryConfigurationDelegate : Finished Spring Data repository scanning in 4 ms. Found 2 JPA repository interfaces.
2024-12-19T13:23:28.186+01:00  INFO 44163 --- [           main] o.hibernate.jpa.internal.util.LogHelper  : HHH000204: Processing PersistenceUnitInfo [name: default]
2024-12-19T13:23:28.188+01:00  INFO 44163 --- [           main] o.h.c.internal.RegionFactoryInitiator    : HHH000026: Second-level cache disabled
2024-12-19T13:23:28.193+01:00  INFO 44163 --- [           main] o.s.o.j.p.SpringPersistenceUnitInfo      : No LoadTimeWeaver setup: ignoring JPA class transformer
2024-12-19T13:23:28.194+01:00  INFO 44163 --- [           main] com.zaxxer.hikari.HikariDataSource       : HikariPool-4 - Starting...
2024-12-19T13:23:28.195+01:00  INFO 44163 --- [           main] com.zaxxer.hikari.pool.HikariPool        : HikariPool-4 - Added connection conn23: url=jdbc:h2:mem:testdb user=SA
2024-12-19T13:23:28.195+01:00  INFO 44163 --- [           main] com.zaxxer.hikari.HikariDataSource       : HikariPool-4 - Start completed.
2024-12-19T13:23:28.196+01:00  WARN 44163 --- [           main] org.hibernate.orm.deprecation            : HHH90000025: H2Dialect does not need to be specified explicitly using 'hibernate.dialect' (remove the property setting and it will be selected by default)
2024-12-19T13:23:28.196+01:00  INFO 44163 --- [           main] org.hibernate.orm.connections.pooling    : HHH10001005: Database info:
	Database JDBC URL [Connecting through datasource 'HikariDataSource (HikariPool-4)']
	Database driver: undefined/unknown
	Database version: 2.3.232
	Autocommit mode: undefined/unknown
	Isolation level: undefined/unknown
	Minimum pool size: undefined/unknown
	Maximum pool size: undefined/unknown
2024-12-19T13:23:28.240+01:00  INFO 44163 --- [           main] o.h.e.t.j.p.i.JtaPlatformInitiator       : HHH000489: No JTA platform available (set 'hibernate.transaction.jta.platform' to enable JTA platform integration)
Hibernate: drop table if exists element cascade 
Hibernate: drop table if exists element_group cascade 
Hibernate: create table element (athomic_number integer, discovery_date DATE, element_group bigint, id bigint generated by default as identity, discovered_by varchar(255), name varchar(255), symbol varchar(255), primary key (id))
Hibernate: create table element_group (group_number integer, id_group bigint generated by default as identity, description varchar(255), name varchar(255), primary key (id_group))
Hibernate: alter table if exists element add constraint FKh9q003rpu4hnbvn03it0u9n7c foreign key (element_group) references element_group
2024-12-19T13:23:28.244+01:00  INFO 44163 --- [           main] j.LocalContainerEntityManagerFactoryBean : Initialized JPA EntityManagerFactory for persistence unit 'default'
2024-12-19T13:23:28.292+01:00  WARN 44163 --- [           main] JpaBaseConfiguration$JpaWebConfiguration : spring.jpa.open-in-view is enabled by default. Therefore, database queries may be performed during view rendering. Explicitly configure spring.jpa.open-in-view to disable this warning
2024-12-19T13:23:28.344+01:00  INFO 44163 --- [           main] o.s.b.a.h2.H2ConsoleAutoConfiguration    : H2 console available at '/h2-console'. Database available at 'jdbc:h2:mem:testdb'
2024-12-19T13:23:28.355+01:00  INFO 44163 --- [           main] o.s.b.t.m.w.SpringBootMockServletContext : Initializing Spring TestDispatcherServlet ''
2024-12-19T13:23:28.355+01:00  INFO 44163 --- [           main] o.s.t.web.servlet.TestDispatcherServlet  : Initializing Servlet ''
2024-12-19T13:23:28.356+01:00  INFO 44163 --- [           main] o.s.t.web.servlet.TestDispatcherServlet  : Completed initialization in 0 ms
2024-12-19T13:23:28.361+01:00  INFO 44163 --- [           main] o.e.Controllers.GroupAcceptanceTest      : Started GroupAcceptanceTest in 0.345 seconds (process running for 6.03)
Hibernate: insert into element_group (description,group_number,name,id_group) values (?,?,?,default)
Hibernate: select eg1_0.id_group,eg1_0.description,eg1_0.group_number,eg1_0.name from element_group eg1_0
2024-12-19T13:23:28.392+01:00  INFO 44163 --- [           main] j.LocalContainerEntityManagerFactoryBean : Closing JPA EntityManagerFactory for persistence unit 'default'
Hibernate: drop table if exists element cascade 
Hibernate: drop table if exists element_group cascade 
2024-12-19T13:23:28.394+01:00  INFO 44163 --- [           main] com.zaxxer.hikari.HikariDataSource       : HikariPool-4 - Shutdown initiated...
2024-12-19T13:23:28.418+01:00  INFO 44163 --- [           main] com.zaxxer.hikari.HikariDataSource       : HikariPool-4 - Shutdown completed.
]]></system-out>
  </testcase>
  <testcase name="givenGroupById_whenUpdate_thenReturnSuccess" classname="org.example.Controllers.GroupAcceptanceTest" time="0.039">
    <system-out><![CDATA[2024-12-19T13:23:28.421+01:00  INFO 44163 --- [           main] o.s.b.d.r.RestartApplicationListener     : Restart disabled due to context in which it is running

  .   ____          _            __ _ _
 /\\ / ___'_ __ _ _(_)_ __  __ _ \ \ \ \
( ( )\___ | '_ | '_| | '_ \/ _` | \ \ \ \
 \\/  ___)| |_)| | | | | || (_| |  ) ) ) )
  '  |____| .__|_| |_|_| |_\__, | / / / /
 =========|_|==============|___/=/_/_/_/

 :: Spring Boot ::                (v3.4.0)

2024-12-19T13:23:28.438+01:00  INFO 44163 --- [           main] o.e.Controllers.GroupAcceptanceTest      : Starting GroupAcceptanceTest using Java 21.0.5 with PID 44163 (started by lay in /home/lay/Documentos/bootcamp/springboot/MendeleevAPI)
2024-12-19T13:23:28.438+01:00  INFO 44163 --- [           main] o.e.Controllers.GroupAcceptanceTest      : The following 1 profile is active: "test"
2024-12-19T13:23:28.524+01:00  INFO 44163 --- [           main] .s.d.r.c.RepositoryConfigurationDelegate : Bootstrapping Spring Data JPA repositories in DEFAULT mode.
2024-12-19T13:23:28.529+01:00  INFO 44163 --- [           main] .s.d.r.c.RepositoryConfigurationDelegate : Finished Spring Data repository scanning in 4 ms. Found 2 JPA repository interfaces.
2024-12-19T13:23:28.575+01:00  INFO 44163 --- [           main] o.hibernate.jpa.internal.util.LogHelper  : HHH000204: Processing PersistenceUnitInfo [name: default]
2024-12-19T13:23:28.576+01:00  INFO 44163 --- [           main] o.h.c.internal.RegionFactoryInitiator    : HHH000026: Second-level cache disabled
2024-12-19T13:23:28.581+01:00  INFO 44163 --- [           main] o.s.o.j.p.SpringPersistenceUnitInfo      : No LoadTimeWeaver setup: ignoring JPA class transformer
2024-12-19T13:23:28.582+01:00  INFO 44163 --- [           main] com.zaxxer.hikari.HikariDataSource       : HikariPool-5 - Starting...
2024-12-19T13:23:28.584+01:00  INFO 44163 --- [           main] com.zaxxer.hikari.pool.HikariPool        : HikariPool-5 - Added connection conn28: url=jdbc:h2:mem:testdb user=SA
2024-12-19T13:23:28.584+01:00  INFO 44163 --- [           main] com.zaxxer.hikari.HikariDataSource       : HikariPool-5 - Start completed.
2024-12-19T13:23:28.584+01:00  WARN 44163 --- [           main] org.hibernate.orm.deprecation            : HHH90000025: H2Dialect does not need to be specified explicitly using 'hibernate.dialect' (remove the property setting and it will be selected by default)
2024-12-19T13:23:28.585+01:00  INFO 44163 --- [           main] org.hibernate.orm.connections.pooling    : HHH10001005: Database info:
	Database JDBC URL [Connecting through datasource 'HikariDataSource (HikariPool-5)']
	Database driver: undefined/unknown
	Database version: 2.3.232
	Autocommit mode: undefined/unknown
	Isolation level: undefined/unknown
	Minimum pool size: undefined/unknown
	Maximum pool size: undefined/unknown
2024-12-19T13:23:28.628+01:00  INFO 44163 --- [           main] o.h.e.t.j.p.i.JtaPlatformInitiator       : HHH000489: No JTA platform available (set 'hibernate.transaction.jta.platform' to enable JTA platform integration)
Hibernate: drop table if exists element cascade 
Hibernate: drop table if exists element_group cascade 
Hibernate: create table element (athomic_number integer, discovery_date DATE, element_group bigint, id bigint generated by default as identity, discovered_by varchar(255), name varchar(255), symbol varchar(255), primary key (id))
Hibernate: create table element_group (group_number integer, id_group bigint generated by default as identity, description varchar(255), name varchar(255), primary key (id_group))
Hibernate: alter table if exists element add constraint FKh9q003rpu4hnbvn03it0u9n7c foreign key (element_group) references element_group
2024-12-19T13:23:28.633+01:00  INFO 44163 --- [           main] j.LocalContainerEntityManagerFactoryBean : Initialized JPA EntityManagerFactory for persistence unit 'default'
2024-12-19T13:23:28.675+01:00  WARN 44163 --- [           main] JpaBaseConfiguration$JpaWebConfiguration : spring.jpa.open-in-view is enabled by default. Therefore, database queries may be performed during view rendering. Explicitly configure spring.jpa.open-in-view to disable this warning
2024-12-19T13:23:28.721+01:00  INFO 44163 --- [           main] o.s.b.a.h2.H2ConsoleAutoConfiguration    : H2 console available at '/h2-console'. Database available at 'jdbc:h2:mem:testdb'
2024-12-19T13:23:28.731+01:00  INFO 44163 --- [           main] o.s.b.t.m.w.SpringBootMockServletContext : Initializing Spring TestDispatcherServlet ''
2024-12-19T13:23:28.731+01:00  INFO 44163 --- [           main] o.s.t.web.servlet.TestDispatcherServlet  : Initializing Servlet ''
2024-12-19T13:23:28.732+01:00  INFO 44163 --- [           main] o.s.t.web.servlet.TestDispatcherServlet  : Completed initialization in 0 ms
2024-12-19T13:23:28.737+01:00  INFO 44163 --- [           main] o.e.Controllers.GroupAcceptanceTest      : Started GroupAcceptanceTest in 0.316 seconds (process running for 6.406)
Hibernate: insert into element_group (description,group_number,name,id_group) values (?,?,?,default)
Hibernate: select eg1_0.id_group,eg1_0.description,eg1_0.group_number,eg1_0.name from element_group eg1_0 where eg1_0.id_group=?
2024-12-19T13:23:28.759+01:00  INFO 44163 --- [           main] j.LocalContainerEntityManagerFactoryBean : Closing JPA EntityManagerFactory for persistence unit 'default'
Hibernate: drop table if exists element cascade 
Hibernate: drop table if exists element_group cascade 
2024-12-19T13:23:28.761+01:00  INFO 44163 --- [           main] com.zaxxer.hikari.HikariDataSource       : HikariPool-5 - Shutdown initiated...
2024-12-19T13:23:28.776+01:00  INFO 44163 --- [           main] com.zaxxer.hikari.HikariDataSource       : HikariPool-5 - Shutdown completed.
]]></system-out>
  </testcase>
  <testcase name="givenValidIdGroup_whenGetRequestIsMade_thenReturnSuccess" classname="org.example.Controllers.GroupAcceptanceTest" time="0.021">
    <system-out><![CDATA[2024-12-19T13:23:28.779+01:00  INFO 44163 --- [           main] o.s.b.d.r.RestartApplicationListener     : Restart disabled due to context in which it is running

  .   ____          _            __ _ _
 /\\ / ___'_ __ _ _(_)_ __  __ _ \ \ \ \
( ( )\___ | '_ | '_| | '_ \/ _` | \ \ \ \
 \\/  ___)| |_)| | | | | || (_| |  ) ) ) )
  '  |____| .__|_| |_|_| |_\__, | / / / /
 =========|_|==============|___/=/_/_/_/

 :: Spring Boot ::                (v3.4.0)

2024-12-19T13:23:28.794+01:00  INFO 44163 --- [           main] o.e.Controllers.GroupAcceptanceTest      : Starting GroupAcceptanceTest using Java 21.0.5 with PID 44163 (started by lay in /home/lay/Documentos/bootcamp/springboot/MendeleevAPI)
2024-12-19T13:23:28.794+01:00  INFO 44163 --- [           main] o.e.Controllers.GroupAcceptanceTest      : The following 1 profile is active: "test"
2024-12-19T13:23:28.886+01:00  INFO 44163 --- [           main] .s.d.r.c.RepositoryConfigurationDelegate : Bootstrapping Spring Data JPA repositories in DEFAULT mode.
2024-12-19T13:23:28.891+01:00  INFO 44163 --- [           main] .s.d.r.c.RepositoryConfigurationDelegate : Finished Spring Data repository scanning in 4 ms. Found 2 JPA repository interfaces.
2024-12-19T13:23:28.941+01:00  INFO 44163 --- [           main] o.hibernate.jpa.internal.util.LogHelper  : HHH000204: Processing PersistenceUnitInfo [name: default]
2024-12-19T13:23:28.943+01:00  INFO 44163 --- [           main] o.h.c.internal.RegionFactoryInitiator    : HHH000026: Second-level cache disabled
2024-12-19T13:23:28.949+01:00  INFO 44163 --- [           main] o.s.o.j.p.SpringPersistenceUnitInfo      : No LoadTimeWeaver setup: ignoring JPA class transformer
2024-12-19T13:23:28.950+01:00  INFO 44163 --- [           main] com.zaxxer.hikari.HikariDataSource       : HikariPool-6 - Starting...
2024-12-19T13:23:28.951+01:00  INFO 44163 --- [           main] com.zaxxer.hikari.pool.HikariPool        : HikariPool-6 - Added connection conn32: url=jdbc:h2:mem:testdb user=SA
2024-12-19T13:23:28.951+01:00  INFO 44163 --- [           main] com.zaxxer.hikari.HikariDataSource       : HikariPool-6 - Start completed.
2024-12-19T13:23:28.952+01:00  WARN 44163 --- [           main] org.hibernate.orm.deprecation            : HHH90000025: H2Dialect does not need to be specified explicitly using 'hibernate.dialect' (remove the property setting and it will be selected by default)
2024-12-19T13:23:28.952+01:00  INFO 44163 --- [           main] org.hibernate.orm.connections.pooling    : HHH10001005: Database info:
	Database JDBC URL [Connecting through datasource 'HikariDataSource (HikariPool-6)']
	Database driver: undefined/unknown
	Database version: 2.3.232
	Autocommit mode: undefined/unknown
	Isolation level: undefined/unknown
	Minimum pool size: undefined/unknown
	Maximum pool size: undefined/unknown
2024-12-19T13:23:28.992+01:00  INFO 44163 --- [           main] o.h.e.t.j.p.i.JtaPlatformInitiator       : HHH000489: No JTA platform available (set 'hibernate.transaction.jta.platform' to enable JTA platform integration)
Hibernate: drop table if exists element cascade 
Hibernate: drop table if exists element_group cascade 
Hibernate: create table element (athomic_number integer, discovery_date DATE, element_group bigint, id bigint generated by default as identity, discovered_by varchar(255), name varchar(255), symbol varchar(255), primary key (id))
Hibernate: create table element_group (group_number integer, id_group bigint generated by default as identity, description varchar(255), name varchar(255), primary key (id_group))
Hibernate: alter table if exists element add constraint FKh9q003rpu4hnbvn03it0u9n7c foreign key (element_group) references element_group
2024-12-19T13:23:28.995+01:00  INFO 44163 --- [           main] j.LocalContainerEntityManagerFactoryBean : Initialized JPA EntityManagerFactory for persistence unit 'default'
2024-12-19T13:23:29.032+01:00  WARN 44163 --- [           main] JpaBaseConfiguration$JpaWebConfiguration : spring.jpa.open-in-view is enabled by default. Therefore, database queries may be performed during view rendering. Explicitly configure spring.jpa.open-in-view to disable this warning
2024-12-19T13:23:29.077+01:00  INFO 44163 --- [           main] o.s.b.a.h2.H2ConsoleAutoConfiguration    : H2 console available at '/h2-console'. Database available at 'jdbc:h2:mem:testdb'
2024-12-19T13:23:29.086+01:00  INFO 44163 --- [           main] o.s.b.t.m.w.SpringBootMockServletContext : Initializing Spring TestDispatcherServlet ''
2024-12-19T13:23:29.086+01:00  INFO 44163 --- [           main] o.s.t.web.servlet.TestDispatcherServlet  : Initializing Servlet ''
2024-12-19T13:23:29.087+01:00  INFO 44163 --- [           main] o.s.t.web.servlet.TestDispatcherServlet  : Completed initialization in 1 ms
2024-12-19T13:23:29.092+01:00  INFO 44163 --- [           main] o.e.Controllers.GroupAcceptanceTest      : Started GroupAcceptanceTest in 0.312 seconds (process running for 6.761)
Hibernate: insert into element_group (description,group_number,name,id_group) values (?,?,?,default)
Hibernate: select eg1_0.id_group,eg1_0.description,eg1_0.group_number,eg1_0.name from element_group eg1_0 where eg1_0.id_group=?
2024-12-19T13:23:29.106+01:00  INFO 44163 --- [           main] j.LocalContainerEntityManagerFactoryBean : Closing JPA EntityManagerFactory for persistence unit 'default'
Hibernate: drop table if exists element cascade 
Hibernate: drop table if exists element_group cascade 
2024-12-19T13:23:29.108+01:00  INFO 44163 --- [           main] com.zaxxer.hikari.HikariDataSource       : HikariPool-6 - Shutdown initiated...
2024-12-19T13:23:29.113+01:00  INFO 44163 --- [           main] com.zaxxer.hikari.HikariDataSource       : HikariPool-6 - Shutdown completed.
]]></system-out>
  </testcase>
  <testcase name="givenAValidGroup_whenPostRequestIsMade_thenReturnSuccess" classname="org.example.Controllers.GroupAcceptanceTest" time="0.036">
    <system-out><![CDATA[2024-12-19T13:23:29.116+01:00  INFO 44163 --- [           main] o.s.b.d.r.RestartApplicationListener     : Restart disabled due to context in which it is running

  .   ____          _            __ _ _
 /\\ / ___'_ __ _ _(_)_ __  __ _ \ \ \ \
( ( )\___ | '_ | '_| | '_ \/ _` | \ \ \ \
 \\/  ___)| |_)| | | | | || (_| |  ) ) ) )
  '  |____| .__|_| |_|_| |_\__, | / / / /
 =========|_|==============|___/=/_/_/_/

 :: Spring Boot ::                (v3.4.0)

2024-12-19T13:23:29.130+01:00  INFO 44163 --- [           main] o.e.Controllers.GroupAcceptanceTest      : Starting GroupAcceptanceTest using Java 21.0.5 with PID 44163 (started by lay in /home/lay/Documentos/bootcamp/springboot/MendeleevAPI)
2024-12-19T13:23:29.130+01:00  INFO 44163 --- [           main] o.e.Controllers.GroupAcceptanceTest      : The following 1 profile is active: "test"
2024-12-19T13:23:29.210+01:00  INFO 44163 --- [           main] .s.d.r.c.RepositoryConfigurationDelegate : Bootstrapping Spring Data JPA repositories in DEFAULT mode.
2024-12-19T13:23:29.215+01:00  INFO 44163 --- [           main] .s.d.r.c.RepositoryConfigurationDelegate : Finished Spring Data repository scanning in 4 ms. Found 2 JPA repository interfaces.
2024-12-19T13:23:29.257+01:00  INFO 44163 --- [           main] o.hibernate.jpa.internal.util.LogHelper  : HHH000204: Processing PersistenceUnitInfo [name: default]
2024-12-19T13:23:29.258+01:00  INFO 44163 --- [           main] o.h.c.internal.RegionFactoryInitiator    : HHH000026: Second-level cache disabled
2024-12-19T13:23:29.263+01:00  INFO 44163 --- [           main] o.s.o.j.p.SpringPersistenceUnitInfo      : No LoadTimeWeaver setup: ignoring JPA class transformer
2024-12-19T13:23:29.264+01:00  INFO 44163 --- [           main] com.zaxxer.hikari.HikariDataSource       : HikariPool-7 - Starting...
2024-12-19T13:23:29.265+01:00  INFO 44163 --- [           main] com.zaxxer.hikari.pool.HikariPool        : HikariPool-7 - Added connection conn35: url=jdbc:h2:mem:testdb user=SA
2024-12-19T13:23:29.265+01:00  INFO 44163 --- [           main] com.zaxxer.hikari.HikariDataSource       : HikariPool-7 - Start completed.
2024-12-19T13:23:29.266+01:00  WARN 44163 --- [           main] org.hibernate.orm.deprecation            : HHH90000025: H2Dialect does not need to be specified explicitly using 'hibernate.dialect' (remove the property setting and it will be selected by default)
2024-12-19T13:23:29.266+01:00  INFO 44163 --- [           main] org.hibernate.orm.connections.pooling    : HHH10001005: Database info:
	Database JDBC URL [Connecting through datasource 'HikariDataSource (HikariPool-7)']
	Database driver: undefined/unknown
	Database version: 2.3.232
	Autocommit mode: undefined/unknown
	Isolation level: undefined/unknown
	Minimum pool size: undefined/unknown
	Maximum pool size: undefined/unknown
2024-12-19T13:23:29.301+01:00  INFO 44163 --- [           main] o.h.e.t.j.p.i.JtaPlatformInitiator       : HHH000489: No JTA platform available (set 'hibernate.transaction.jta.platform' to enable JTA platform integration)
Hibernate: drop table if exists element cascade 
Hibernate: drop table if exists element_group cascade 
Hibernate: create table element (athomic_number integer, discovery_date DATE, element_group bigint, id bigint generated by default as identity, discovered_by varchar(255), name varchar(255), symbol varchar(255), primary key (id))
Hibernate: create table element_group (group_number integer, id_group bigint generated by default as identity, description varchar(255), name varchar(255), primary key (id_group))
Hibernate: alter table if exists element add constraint FKh9q003rpu4hnbvn03it0u9n7c foreign key (element_group) references element_group
2024-12-19T13:23:29.303+01:00  INFO 44163 --- [           main] j.LocalContainerEntityManagerFactoryBean : Initialized JPA EntityManagerFactory for persistence unit 'default'
2024-12-19T13:23:29.336+01:00  WARN 44163 --- [           main] JpaBaseConfiguration$JpaWebConfiguration : spring.jpa.open-in-view is enabled by default. Therefore, database queries may be performed during view rendering. Explicitly configure spring.jpa.open-in-view to disable this warning
2024-12-19T13:23:29.377+01:00  INFO 44163 --- [           main] o.s.b.a.h2.H2ConsoleAutoConfiguration    : H2 console available at '/h2-console'. Database available at 'jdbc:h2:mem:testdb'
2024-12-19T13:23:29.386+01:00  INFO 44163 --- [           main] o.s.b.t.m.w.SpringBootMockServletContext : Initializing Spring TestDispatcherServlet ''
2024-12-19T13:23:29.386+01:00  INFO 44163 --- [           main] o.s.t.web.servlet.TestDispatcherServlet  : Initializing Servlet ''
2024-12-19T13:23:29.386+01:00  INFO 44163 --- [           main] o.s.t.web.servlet.TestDispatcherServlet  : Completed initialization in 0 ms
2024-12-19T13:23:29.391+01:00  INFO 44163 --- [           main] o.e.Controllers.GroupAcceptanceTest      : Started GroupAcceptanceTest in 0.275 seconds (process running for 7.06)
Hibernate: insert into element_group (description,group_number,name,id_group) values (?,?,?,default)
Hibernate: insert into element_group (description,group_number,name,id_group) values (?,?,?,default)
2024-12-19T13:23:29.404+01:00  INFO 44163 --- [           main] j.LocalContainerEntityManagerFactoryBean : Closing JPA EntityManagerFactory for persistence unit 'default'
Hibernate: drop table if exists element cascade 
Hibernate: drop table if exists element_group cascade 
2024-12-19T13:23:29.405+01:00  INFO 44163 --- [           main] com.zaxxer.hikari.HikariDataSource       : HikariPool-7 - Shutdown initiated...
2024-12-19T13:23:29.427+01:00  INFO 44163 --- [           main] com.zaxxer.hikari.HikariDataSource       : HikariPool-7 - Shutdown completed.
]]></system-out>
  </testcase>
  <testcase name="givenGroupById_whenDelete_theReturnSuccess" classname="org.example.Controllers.GroupAcceptanceTest" time="0.032">
    <system-out><![CDATA[2024-12-19T13:23:29.430+01:00  INFO 44163 --- [           main] o.s.b.d.r.RestartApplicationListener     : Restart disabled due to context in which it is running

  .   ____          _            __ _ _
 /\\ / ___'_ __ _ _(_)_ __  __ _ \ \ \ \
( ( )\___ | '_ | '_| | '_ \/ _` | \ \ \ \
 \\/  ___)| |_)| | | | | || (_| |  ) ) ) )
  '  |____| .__|_| |_|_| |_\__, | / / / /
 =========|_|==============|___/=/_/_/_/

 :: Spring Boot ::                (v3.4.0)

2024-12-19T13:23:29.443+01:00  INFO 44163 --- [           main] o.e.Controllers.GroupAcceptanceTest      : Starting GroupAcceptanceTest using Java 21.0.5 with PID 44163 (started by lay in /home/lay/Documentos/bootcamp/springboot/MendeleevAPI)
2024-12-19T13:23:29.443+01:00  INFO 44163 --- [           main] o.e.Controllers.GroupAcceptanceTest      : The following 1 profile is active: "test"
2024-12-19T13:23:29.523+01:00  INFO 44163 --- [           main] .s.d.r.c.RepositoryConfigurationDelegate : Bootstrapping Spring Data JPA repositories in DEFAULT mode.
2024-12-19T13:23:29.527+01:00  INFO 44163 --- [           main] .s.d.r.c.RepositoryConfigurationDelegate : Finished Spring Data repository scanning in 3 ms. Found 2 JPA repository interfaces.
2024-12-19T13:23:29.568+01:00  INFO 44163 --- [           main] o.hibernate.jpa.internal.util.LogHelper  : HHH000204: Processing PersistenceUnitInfo [name: default]
2024-12-19T13:23:29.569+01:00  INFO 44163 --- [           main] o.h.c.internal.RegionFactoryInitiator    : HHH000026: Second-level cache disabled
2024-12-19T13:23:29.574+01:00  INFO 44163 --- [           main] o.s.o.j.p.SpringPersistenceUnitInfo      : No LoadTimeWeaver setup: ignoring JPA class transformer
2024-12-19T13:23:29.575+01:00  INFO 44163 --- [           main] com.zaxxer.hikari.HikariDataSource       : HikariPool-8 - Starting...
2024-12-19T13:23:29.576+01:00  INFO 44163 --- [           main] com.zaxxer.hikari.pool.HikariPool        : HikariPool-8 - Added connection conn38: url=jdbc:h2:mem:testdb user=SA
2024-12-19T13:23:29.576+01:00  INFO 44163 --- [           main] com.zaxxer.hikari.HikariDataSource       : HikariPool-8 - Start completed.
2024-12-19T13:23:29.577+01:00  WARN 44163 --- [           main] org.hibernate.orm.deprecation            : HHH90000025: H2Dialect does not need to be specified explicitly using 'hibernate.dialect' (remove the property setting and it will be selected by default)
2024-12-19T13:23:29.577+01:00  INFO 44163 --- [           main] org.hibernate.orm.connections.pooling    : HHH10001005: Database info:
	Database JDBC URL [Connecting through datasource 'HikariDataSource (HikariPool-8)']
	Database driver: undefined/unknown
	Database version: 2.3.232
	Autocommit mode: undefined/unknown
	Isolation level: undefined/unknown
	Minimum pool size: undefined/unknown
	Maximum pool size: undefined/unknown
2024-12-19T13:23:29.612+01:00  INFO 44163 --- [           main] o.h.e.t.j.p.i.JtaPlatformInitiator       : HHH000489: No JTA platform available (set 'hibernate.transaction.jta.platform' to enable JTA platform integration)
Hibernate: drop table if exists element cascade 
Hibernate: drop table if exists element_group cascade 
Hibernate: create table element (athomic_number integer, discovery_date DATE, element_group bigint, id bigint generated by default as identity, discovered_by varchar(255), name varchar(255), symbol varchar(255), primary key (id))
Hibernate: create table element_group (group_number integer, id_group bigint generated by default as identity, description varchar(255), name varchar(255), primary key (id_group))
Hibernate: alter table if exists element add constraint FKh9q003rpu4hnbvn03it0u9n7c foreign key (element_group) references element_group
2024-12-19T13:23:29.615+01:00  INFO 44163 --- [           main] j.LocalContainerEntityManagerFactoryBean : Initialized JPA EntityManagerFactory for persistence unit 'default'
2024-12-19T13:23:29.651+01:00  WARN 44163 --- [           main] JpaBaseConfiguration$JpaWebConfiguration : spring.jpa.open-in-view is enabled by default. Therefore, database queries may be performed during view rendering. Explicitly configure spring.jpa.open-in-view to disable this warning
2024-12-19T13:23:29.689+01:00  INFO 44163 --- [           main] o.s.b.a.h2.H2ConsoleAutoConfiguration    : H2 console available at '/h2-console'. Database available at 'jdbc:h2:mem:testdb'
2024-12-19T13:23:29.697+01:00  INFO 44163 --- [           main] o.s.b.t.m.w.SpringBootMockServletContext : Initializing Spring TestDispatcherServlet ''
2024-12-19T13:23:29.697+01:00  INFO 44163 --- [           main] o.s.t.web.servlet.TestDispatcherServlet  : Initializing Servlet ''
2024-12-19T13:23:29.698+01:00  INFO 44163 --- [           main] o.s.t.web.servlet.TestDispatcherServlet  : Completed initialization in 1 ms
2024-12-19T13:23:29.706+01:00  INFO 44163 --- [           main] o.e.Controllers.GroupAcceptanceTest      : Started GroupAcceptanceTest in 0.276 seconds (process running for 7.375)
Hibernate: insert into element_group (description,group_number,name,id_group) values (?,?,?,default)
Hibernate: select eg1_0.id_group,eg1_0.description,eg1_0.group_number,eg1_0.name from element_group eg1_0 where eg1_0.id_group=?
Hibernate: select le1_0.element_group,le1_0.id,le1_0.athomic_number,le1_0.discovered_by,le1_0.discovery_date,le1_0.name,le1_0.symbol from element le1_0 where le1_0.element_group=?
Hibernate: delete from element_group where id_group=?
Hibernate: select count(*) from element_group eg1_0
2024-12-19T13:23:29.730+01:00  INFO 44163 --- [           main] j.LocalContainerEntityManagerFactoryBean : Closing JPA EntityManagerFactory for persistence unit 'default'
Hibernate: drop table if exists element cascade 
Hibernate: drop table if exists element_group cascade 
2024-12-19T13:23:29.731+01:00  INFO 44163 --- [           main] com.zaxxer.hikari.HikariDataSource       : HikariPool-8 - Shutdown initiated...
2024-12-19T13:23:29.738+01:00  INFO 44163 --- [           main] com.zaxxer.hikari.HikariDataSource       : HikariPool-8 - Shutdown completed.
]]></system-out>
  </testcase>
</testsuite>