<?xml version="1.0" encoding="UTF-8"?>
<testsuite xmlns:xsi="http://www.w3.org/2001/XMLSchema-instance" xsi:noNamespaceSchemaLocation="https://maven.apache.org/surefire/maven-surefire-plugin/xsd/surefire-test-report.xsd" version="3.0.2" name="org.example.Controllers.ElementAcceptanceTest" time="4.897" tests="3" errors="0" skipped="0" failures="0">
  <properties>
[...]
</properties>
  <testcase name="givenElementById_whenDelete_theReturnSuccess" classname="org.example.Controllers.ElementAcceptanceTest" time="0.238">
    <system-out><![CDATA[17:56:08.869 [main] INFO org.springframework.test.context.support.AnnotationConfigContextLoaderUtils -- Could not detect default configuration classes for test class [org.example.Controllers.ElementAcceptanceTest]: ElementAcceptanceTest does not declare any static, non-private, non-final, nested classes annotated with @Configuration.
17:56:08.965 [main] INFO org.springframework.boot.test.context.SpringBootTestContextBootstrapper -- Found @SpringBootConfiguration org.example.MendeleevApplication for test class org.example.Controllers.ElementAcceptanceTest
17:56:09.079 [main] INFO org.springframework.boot.devtools.restart.RestartApplicationListener -- Restart disabled due to context in which it is running

  .   ____          _            __ _ _
 /\\ / ___'_ __ _ _(_)_ __  __ _ \ \ \ \
( ( )\___ | '_ | '_| | '_ \/ _` | \ \ \ \
 \\/  ___)| |_)| | | | | || (_| |  ) ) ) )
  '  |____| .__|_| |_|_| |_\__, | / / / /
 =========|_|==============|___/=/_/_/_/

 :: Spring Boot ::                (v3.4.0)

2024-12-19T17:56:09.284+01:00  INFO 69185 --- [           main] o.e.Controllers.ElementAcceptanceTest    : Starting ElementAcceptanceTest using Java 21.0.5 with PID 69185 (started by lay in /home/lay/Documentos/bootcamp/springboot/MendeleevAPI)
2024-12-19T17:56:09.285+01:00  INFO 69185 --- [           main] o.e.Controllers.ElementAcceptanceTest    : The following 1 profile is active: "test"
2024-12-19T17:56:09.869+01:00  INFO 69185 --- [           main] .s.d.r.c.RepositoryConfigurationDelegate : Bootstrapping Spring Data JPA repositories in DEFAULT mode.
2024-12-19T17:56:09.912+01:00  INFO 69185 --- [           main] .s.d.r.c.RepositoryConfigurationDelegate : Finished Spring Data repository scanning in 36 ms. Found 3 JPA repository interfaces.
2024-12-19T17:56:10.250+01:00  INFO 69185 --- [           main] o.hibernate.jpa.internal.util.LogHelper  : HHH000204: Processing PersistenceUnitInfo [name: default]
2024-12-19T17:56:10.288+01:00  INFO 69185 --- [           main] org.hibernate.Version                    : HHH000412: Hibernate ORM core version 6.6.2.Final
2024-12-19T17:56:10.310+01:00  INFO 69185 --- [           main] o.h.c.internal.RegionFactoryInitiator    : HHH000026: Second-level cache disabled
2024-12-19T17:56:10.398+01:00  INFO 69185 --- [           main] o.s.o.j.p.SpringPersistenceUnitInfo      : No LoadTimeWeaver setup: ignoring JPA class transformer
2024-12-19T17:56:10.419+01:00  INFO 69185 --- [           main] com.zaxxer.hikari.HikariDataSource       : HikariPool-1 - Starting...
2024-12-19T17:56:10.555+01:00  INFO 69185 --- [           main] com.zaxxer.hikari.pool.HikariPool        : HikariPool-1 - Added connection conn0: url=jdbc:h2:mem:testdb user=SA
2024-12-19T17:56:10.556+01:00  INFO 69185 --- [           main] com.zaxxer.hikari.HikariDataSource       : HikariPool-1 - Start completed.
2024-12-19T17:56:10.572+01:00  WARN 69185 --- [           main] org.hibernate.orm.deprecation            : HHH90000025: H2Dialect does not need to be specified explicitly using 'hibernate.dialect' (remove the property setting and it will be selected by default)
2024-12-19T17:56:10.586+01:00  INFO 69185 --- [           main] org.hibernate.orm.connections.pooling    : HHH10001005: Database info:
	Database JDBC URL [Connecting through datasource 'HikariDataSource (HikariPool-1)']
	Database driver: undefined/unknown
	Database version: 2.3.232
	Autocommit mode: undefined/unknown
	Isolation level: undefined/unknown
	Minimum pool size: undefined/unknown
	Maximum pool size: undefined/unknown
2024-12-19T17:56:11.144+01:00  INFO 69185 --- [           main] o.h.e.t.j.p.i.JtaPlatformInitiator       : HHH000489: No JTA platform available (set 'hibernate.transaction.jta.platform' to enable JTA platform integration)
Hibernate: drop table if exists element cascade 
Hibernate: drop table if exists element_group cascade 
Hibernate: drop table if exists more_element_data cascade 
Hibernate: create table element (athomic_number integer, discovery_date DATE, element_group bigint, id bigint generated by default as identity, discovered_by varchar(255), name varchar(255), symbol varchar(255), primary key (id))
Hibernate: create table element_group (group_number integer, id_group bigint generated by default as identity, description varchar(255), name varchar(255), primary key (id_group))
Hibernate: create table more_element_data (molecular_weight float(24) not null, element_id bigint unique, id bigint generated by default as identity, natural_location varchar(255), physical_state enum ('GAS','LIQUID','SOLID'), primary key (id))
Hibernate: alter table if exists element add constraint FKh9q003rpu4hnbvn03it0u9n7c foreign key (element_group) references element_group
Hibernate: alter table if exists more_element_data add constraint FKsg87vjjy8k6i943qp4teecexs foreign key (element_id) references element
2024-12-19T17:56:11.189+01:00  INFO 69185 --- [           main] j.LocalContainerEntityManagerFactoryBean : Initialized JPA EntityManagerFactory for persistence unit 'default'
2024-12-19T17:56:11.411+01:00  INFO 69185 --- [           main] o.s.d.j.r.query.QueryEnhancerFactory     : Hibernate is in classpath; If applicable, HQL parser will be used.
2024-12-19T17:56:11.985+01:00  WARN 69185 --- [           main] JpaBaseConfiguration$JpaWebConfiguration : spring.jpa.open-in-view is enabled by default. Therefore, database queries may be performed during view rendering. Explicitly configure spring.jpa.open-in-view to disable this warning
2024-12-19T17:56:12.251+01:00  INFO 69185 --- [           main] o.s.b.a.h2.H2ConsoleAutoConfiguration    : H2 console available at '/h2-console'. Database available at 'jdbc:h2:mem:testdb'
2024-12-19T17:56:12.299+01:00  INFO 69185 --- [           main] o.s.b.t.m.w.SpringBootMockServletContext : Initializing Spring TestDispatcherServlet ''
2024-12-19T17:56:12.300+01:00  INFO 69185 --- [           main] o.s.t.web.servlet.TestDispatcherServlet  : Initializing Servlet ''
2024-12-19T17:56:12.301+01:00  INFO 69185 --- [           main] o.s.t.web.servlet.TestDispatcherServlet  : Completed initialization in 1 ms
2024-12-19T17:56:12.322+01:00  INFO 69185 --- [           main] o.e.Controllers.ElementAcceptanceTest    : Started ElementAcceptanceTest in 3.25 seconds (process running for 4.976)
Hibernate: insert into element_group (description,group_number,name,id_group) values (?,?,?,default)
Hibernate: insert into element (athomic_number,discovered_by,discovery_date,element_group,name,symbol,id) values (?,?,?,?,?,?,default)
Hibernate: select e1_0.id,e1_0.athomic_number,e1_0.discovered_by,e1_0.discovery_date,eg1_0.id_group,eg1_0.description,eg1_0.group_number,eg1_0.name,e1_0.name,e1_0.symbol from element e1_0 left join element_group eg1_0 on eg1_0.id_group=e1_0.element_group where e1_0.id=?
Hibernate: delete from element where id=?
Hibernate: select count(*) from element e1_0
2024-12-19T17:56:12.560+01:00  INFO 69185 --- [           main] j.LocalContainerEntityManagerFactoryBean : Closing JPA EntityManagerFactory for persistence unit 'default'
Hibernate: drop table if exists element cascade 
Hibernate: drop table if exists element_group cascade 
Hibernate: drop table if exists more_element_data cascade 
2024-12-19T17:56:12.566+01:00  INFO 69185 --- [           main] com.zaxxer.hikari.HikariDataSource       : HikariPool-1 - Shutdown initiated...
2024-12-19T17:56:12.568+01:00  INFO 69185 --- [           main] com.zaxxer.hikari.HikariDataSource       : HikariPool-1 - Shutdown completed.
]]></system-out>
  </testcase>
  <testcase name="givenAValidElement_whenPostRequestIsMade_thenReturnSuccess" classname="org.example.Controllers.ElementAcceptanceTest" time="0.101">
    <system-out><![CDATA[2024-12-19T17:56:12.572+01:00  INFO 69185 --- [           main] o.s.b.d.r.RestartApplicationListener     : Restart disabled due to context in which it is running

  .   ____          _            __ _ _
 /\\ / ___'_ __ _ _(_)_ __  __ _ \ \ \ \
( ( )\___ | '_ | '_| | '_ \/ _` | \ \ \ \
 \\/  ___)| |_)| | | | | || (_| |  ) ) ) )
  '  |____| .__|_| |_|_| |_\__, | / / / /
 =========|_|==============|___/=/_/_/_/

 :: Spring Boot ::                (v3.4.0)

2024-12-19T17:56:12.604+01:00  INFO 69185 --- [           main] o.e.Controllers.ElementAcceptanceTest    : Starting ElementAcceptanceTest using Java 21.0.5 with PID 69185 (started by lay in /home/lay/Documentos/bootcamp/springboot/MendeleevAPI)
2024-12-19T17:56:12.604+01:00  INFO 69185 --- [           main] o.e.Controllers.ElementAcceptanceTest    : The following 1 profile is active: "test"
2024-12-19T17:56:12.743+01:00  INFO 69185 --- [           main] .s.d.r.c.RepositoryConfigurationDelegate : Bootstrapping Spring Data JPA repositories in DEFAULT mode.
2024-12-19T17:56:12.751+01:00  INFO 69185 --- [           main] .s.d.r.c.RepositoryConfigurationDelegate : Finished Spring Data repository scanning in 6 ms. Found 3 JPA repository interfaces.
2024-12-19T17:56:12.809+01:00  INFO 69185 --- [           main] o.hibernate.jpa.internal.util.LogHelper  : HHH000204: Processing PersistenceUnitInfo [name: default]
2024-12-19T17:56:12.810+01:00  INFO 69185 --- [           main] o.h.c.internal.RegionFactoryInitiator    : HHH000026: Second-level cache disabled
2024-12-19T17:56:12.816+01:00  INFO 69185 --- [           main] o.s.o.j.p.SpringPersistenceUnitInfo      : No LoadTimeWeaver setup: ignoring JPA class transformer
2024-12-19T17:56:12.816+01:00  INFO 69185 --- [           main] com.zaxxer.hikari.HikariDataSource       : HikariPool-2 - Starting...
2024-12-19T17:56:12.818+01:00  INFO 69185 --- [           main] com.zaxxer.hikari.pool.HikariPool        : HikariPool-2 - Added connection conn10: url=jdbc:h2:mem:testdb user=SA
2024-12-19T17:56:12.818+01:00  INFO 69185 --- [           main] com.zaxxer.hikari.HikariDataSource       : HikariPool-2 - Start completed.
2024-12-19T17:56:12.819+01:00  WARN 69185 --- [           main] org.hibernate.orm.deprecation            : HHH90000025: H2Dialect does not need to be specified explicitly using 'hibernate.dialect' (remove the property setting and it will be selected by default)
2024-12-19T17:56:12.819+01:00  INFO 69185 --- [           main] org.hibernate.orm.connections.pooling    : HHH10001005: Database info:
	Database JDBC URL [Connecting through datasource 'HikariDataSource (HikariPool-2)']
	Database driver: undefined/unknown
	Database version: 2.3.232
	Autocommit mode: undefined/unknown
	Isolation level: undefined/unknown
	Minimum pool size: undefined/unknown
	Maximum pool size: undefined/unknown
2024-12-19T17:56:12.895+01:00  INFO 69185 --- [           main] o.h.e.t.j.p.i.JtaPlatformInitiator       : HHH000489: No JTA platform available (set 'hibernate.transaction.jta.platform' to enable JTA platform integration)
Hibernate: drop table if exists element cascade 
Hibernate: drop table if exists element_group cascade 
Hibernate: drop table if exists more_element_data cascade 
Hibernate: create table element (athomic_number integer, discovery_date DATE, element_group bigint, id bigint generated by default as identity, discovered_by varchar(255), name varchar(255), symbol varchar(255), primary key (id))
Hibernate: create table element_group (group_number integer, id_group bigint generated by default as identity, description varchar(255), name varchar(255), primary key (id_group))
Hibernate: create table more_element_data (molecular_weight float(24) not null, element_id bigint unique, id bigint generated by default as identity, natural_location varchar(255), physical_state enum ('GAS','LIQUID','SOLID'), primary key (id))
Hibernate: alter table if exists element add constraint FKh9q003rpu4hnbvn03it0u9n7c foreign key (element_group) references element_group
Hibernate: alter table if exists more_element_data add constraint FKsg87vjjy8k6i943qp4teecexs foreign key (element_id) references element
2024-12-19T17:56:12.900+01:00  INFO 69185 --- [           main] j.LocalContainerEntityManagerFactoryBean : Initialized JPA EntityManagerFactory for persistence unit 'default'
2024-12-19T17:56:12.963+01:00  WARN 69185 --- [           main] JpaBaseConfiguration$JpaWebConfiguration : spring.jpa.open-in-view is enabled by default. Therefore, database queries may be performed during view rendering. Explicitly configure spring.jpa.open-in-view to disable this warning
2024-12-19T17:56:13.025+01:00  INFO 69185 --- [           main] o.s.b.a.h2.H2ConsoleAutoConfiguration    : H2 console available at '/h2-console'. Database available at 'jdbc:h2:mem:testdb'
2024-12-19T17:56:13.037+01:00  INFO 69185 --- [           main] o.s.b.t.m.w.SpringBootMockServletContext : Initializing Spring TestDispatcherServlet ''
2024-12-19T17:56:13.037+01:00  INFO 69185 --- [           main] o.s.t.web.servlet.TestDispatcherServlet  : Initializing Servlet ''
2024-12-19T17:56:13.038+01:00  INFO 69185 --- [           main] o.s.t.web.servlet.TestDispatcherServlet  : Completed initialization in 1 ms
2024-12-19T17:56:13.044+01:00  INFO 69185 --- [           main] o.e.Controllers.ElementAcceptanceTest    : Started ElementAcceptanceTest in 0.472 seconds (process running for 5.698)
Hibernate: insert into element_group (description,group_number,name,id_group) values (?,?,?,default)
Hibernate: insert into element (athomic_number,discovered_by,discovery_date,element_group,name,symbol,id) values (?,?,?,?,?,?,default)
Hibernate: select eg1_0.id_group,eg1_0.description,eg1_0.group_number,eg1_0.name from element_group eg1_0 where eg1_0.id_group=?
Hibernate: insert into element (athomic_number,discovered_by,discovery_date,element_group,name,symbol,id) values (?,?,?,?,?,?,default)
2024-12-19T17:56:13.130+01:00  INFO 69185 --- [           main] j.LocalContainerEntityManagerFactoryBean : Closing JPA EntityManagerFactory for persistence unit 'default'
Hibernate: drop table if exists element cascade 
Hibernate: drop table if exists element_group cascade 
Hibernate: drop table if exists more_element_data cascade 
2024-12-19T17:56:13.132+01:00  INFO 69185 --- [           main] com.zaxxer.hikari.HikariDataSource       : HikariPool-2 - Shutdown initiated...
2024-12-19T17:56:13.146+01:00  INFO 69185 --- [           main] com.zaxxer.hikari.HikariDataSource       : HikariPool-2 - Shutdown completed.
]]></system-out>
  </testcase>
  <testcase name="givenElementById_whenUpdate_thenReturnSuccess" classname="org.example.Controllers.ElementAcceptanceTest" time="0.065">
    <system-out><![CDATA[2024-12-19T17:56:13.149+01:00  INFO 69185 --- [           main] o.s.b.d.r.RestartApplicationListener     : Restart disabled due to context in which it is running

  .   ____          _            __ _ _
 /\\ / ___'_ __ _ _(_)_ __  __ _ \ \ \ \
( ( )\___ | '_ | '_| | '_ \/ _` | \ \ \ \
 \\/  ___)| |_)| | | | | || (_| |  ) ) ) )
  '  |____| .__|_| |_|_| |_\__, | / / / /
 =========|_|==============|___/=/_/_/_/

 :: Spring Boot ::                (v3.4.0)

2024-12-19T17:56:13.173+01:00  INFO 69185 --- [           main] o.e.Controllers.ElementAcceptanceTest    : Starting ElementAcceptanceTest using Java 21.0.5 with PID 69185 (started by lay in /home/lay/Documentos/bootcamp/springboot/MendeleevAPI)
2024-12-19T17:56:13.174+01:00  INFO 69185 --- [           main] o.e.Controllers.ElementAcceptanceTest    : The following 1 profile is active: "test"
2024-12-19T17:56:13.276+01:00  INFO 69185 --- [           main] .s.d.r.c.RepositoryConfigurationDelegate : Bootstrapping Spring Data JPA repositories in DEFAULT mode.
2024-12-19T17:56:13.282+01:00  INFO 69185 --- [           main] .s.d.r.c.RepositoryConfigurationDelegate : Finished Spring Data repository scanning in 5 ms. Found 3 JPA repository interfaces.
2024-12-19T17:56:13.334+01:00  INFO 69185 --- [           main] o.hibernate.jpa.internal.util.LogHelper  : HHH000204: Processing PersistenceUnitInfo [name: default]
2024-12-19T17:56:13.336+01:00  INFO 69185 --- [           main] o.h.c.internal.RegionFactoryInitiator    : HHH000026: Second-level cache disabled
2024-12-19T17:56:13.341+01:00  INFO 69185 --- [           main] o.s.o.j.p.SpringPersistenceUnitInfo      : No LoadTimeWeaver setup: ignoring JPA class transformer
2024-12-19T17:56:13.342+01:00  INFO 69185 --- [           main] com.zaxxer.hikari.HikariDataSource       : HikariPool-3 - Starting...
2024-12-19T17:56:13.344+01:00  INFO 69185 --- [           main] com.zaxxer.hikari.pool.HikariPool        : HikariPool-3 - Added connection conn18: url=jdbc:h2:mem:testdb user=SA
2024-12-19T17:56:13.344+01:00  INFO 69185 --- [           main] com.zaxxer.hikari.HikariDataSource       : HikariPool-3 - Start completed.
2024-12-19T17:56:13.344+01:00  WARN 69185 --- [           main] org.hibernate.orm.deprecation            : HHH90000025: H2Dialect does not need to be specified explicitly using 'hibernate.dialect' (remove the property setting and it will be selected by default)
2024-12-19T17:56:13.344+01:00  INFO 69185 --- [           main] org.hibernate.orm.connections.pooling    : HHH10001005: Database info:
	Database JDBC URL [Connecting through datasource 'HikariDataSource (HikariPool-3)']
	Database driver: undefined/unknown
	Database version: 2.3.232
	Autocommit mode: undefined/unknown
	Isolation level: undefined/unknown
	Minimum pool size: undefined/unknown
	Maximum pool size: undefined/unknown
2024-12-19T17:56:13.403+01:00  INFO 69185 --- [           main] o.h.e.t.j.p.i.JtaPlatformInitiator       : HHH000489: No JTA platform available (set 'hibernate.transaction.jta.platform' to enable JTA platform integration)
Hibernate: drop table if exists element cascade 
Hibernate: drop table if exists element_group cascade 
Hibernate: drop table if exists more_element_data cascade 
Hibernate: create table element (athomic_number integer, discovery_date DATE, element_group bigint, id bigint generated by default as identity, discovered_by varchar(255), name varchar(255), symbol varchar(255), primary key (id))
Hibernate: create table element_group (group_number integer, id_group bigint generated by default as identity, description varchar(255), name varchar(255), primary key (id_group))
Hibernate: create table more_element_data (molecular_weight float(24) not null, element_id bigint unique, id bigint generated by default as identity, natural_location varchar(255), physical_state enum ('GAS','LIQUID','SOLID'), primary key (id))
Hibernate: alter table if exists element add constraint FKh9q003rpu4hnbvn03it0u9n7c foreign key (element_group) references element_group
Hibernate: alter table if exists more_element_data add constraint FKsg87vjjy8k6i943qp4teecexs foreign key (element_id) references element
2024-12-19T17:56:13.409+01:00  INFO 69185 --- [           main] j.LocalContainerEntityManagerFactoryBean : Initialized JPA EntityManagerFactory for persistence unit 'default'
2024-12-19T17:56:13.460+01:00  WARN 69185 --- [           main] JpaBaseConfiguration$JpaWebConfiguration : spring.jpa.open-in-view is enabled by default. Therefore, database queries may be performed during view rendering. Explicitly configure spring.jpa.open-in-view to disable this warning
2024-12-19T17:56:13.542+01:00  INFO 69185 --- [           main] o.s.b.a.h2.H2ConsoleAutoConfiguration    : H2 console available at '/h2-console'. Database available at 'jdbc:h2:mem:testdb'
2024-12-19T17:56:13.556+01:00  INFO 69185 --- [           main] o.s.b.t.m.w.SpringBootMockServletContext : Initializing Spring TestDispatcherServlet ''
2024-12-19T17:56:13.556+01:00  INFO 69185 --- [           main] o.s.t.web.servlet.TestDispatcherServlet  : Initializing Servlet ''
2024-12-19T17:56:13.556+01:00  INFO 69185 --- [           main] o.s.t.web.servlet.TestDispatcherServlet  : Completed initialization in 0 ms
2024-12-19T17:56:13.562+01:00  INFO 69185 --- [           main] o.e.Controllers.ElementAcceptanceTest    : Started ElementAcceptanceTest in 0.413 seconds (process running for 6.216)
Hibernate: insert into element_group (description,group_number,name,id_group) values (?,?,?,default)
Hibernate: insert into element (athomic_number,discovered_by,discovery_date,element_group,name,symbol,id) values (?,?,?,?,?,?,default)
Hibernate: select e1_0.id,e1_0.athomic_number,e1_0.discovered_by,e1_0.discovery_date,eg1_0.id_group,eg1_0.description,eg1_0.group_number,eg1_0.name,e1_0.name,e1_0.symbol from element e1_0 left join element_group eg1_0 on eg1_0.id_group=e1_0.element_group where e1_0.id=?
Hibernate: update element set athomic_number=?,discovered_by=?,discovery_date=?,element_group=?,name=?,symbol=? where id=?
2024-12-19T17:56:13.608+01:00  INFO 69185 --- [           main] j.LocalContainerEntityManagerFactoryBean : Closing JPA EntityManagerFactory for persistence unit 'default'
Hibernate: drop table if exists element cascade 
Hibernate: drop table if exists element_group cascade 
Hibernate: drop table if exists more_element_data cascade 
2024-12-19T17:56:13.611+01:00  INFO 69185 --- [           main] com.zaxxer.hikari.HikariDataSource       : HikariPool-3 - Shutdown initiated...
2024-12-19T17:56:13.629+01:00  INFO 69185 --- [           main] com.zaxxer.hikari.HikariDataSource       : HikariPool-3 - Shutdown completed.
]]></system-out>
  </testcase>
</testsuite>