<?xml version="1.0" encoding="UTF-8"?>
<testsuite xmlns:xsi="http://www.w3.org/2001/XMLSchema-instance" xsi:noNamespaceSchemaLocation="https://maven.apache.org/surefire/maven-surefire-plugin/xsd/surefire-test-report.xsd" version="3.0.2" name="org.example.Controllers.GroupAcceptanceTest" time="2.074" tests="5" errors="0" skipped="0" failures="0">
  <properties>
[...]
</properties>
  <testcase name="givenValidGroup_whenGetRequestIsMade_thenReturnSuccess" classname="org.example.Controllers.GroupAcceptanceTest" time="0.034">
    <system-out><![CDATA[2024-12-19T17:56:13.636+01:00  INFO 69185 --- [           main] t.c.s.AnnotationConfigContextLoaderUtils : Could not detect default configuration classes for test class [org.example.Controllers.GroupAcceptanceTest]: GroupAcceptanceTest does not declare any static, non-private, non-final, nested classes annotated with @Configuration.
2024-12-19T17:56:13.639+01:00  INFO 69185 --- [           main] .b.t.c.SpringBootTestContextBootstrapper : Found @SpringBootConfiguration org.example.MendeleevApplication for test class org.example.Controllers.GroupAcceptanceTest
2024-12-19T17:56:13.644+01:00  INFO 69185 --- [           main] o.s.b.d.r.RestartApplicationListener     : Restart disabled due to context in which it is running

  .   ____          _            __ _ _
 /\\ / ___'_ __ _ _(_)_ __  __ _ \ \ \ \
( ( )\___ | '_ | '_| | '_ \/ _` | \ \ \ \
 \\/  ___)| |_)| | | | | || (_| |  ) ) ) )
  '  |____| .__|_| |_|_| |_\__, | / / / /
 =========|_|==============|___/=/_/_/_/

 :: Spring Boot ::                (v3.4.0)

2024-12-19T17:56:13.672+01:00  INFO 69185 --- [           main] o.e.Controllers.GroupAcceptanceTest      : Starting GroupAcceptanceTest using Java 21.0.5 with PID 69185 (started by lay in /home/lay/Documentos/bootcamp/springboot/MendeleevAPI)
2024-12-19T17:56:13.672+01:00  INFO 69185 --- [           main] o.e.Controllers.GroupAcceptanceTest      : The following 1 profile is active: "test"
2024-12-19T17:56:13.793+01:00  INFO 69185 --- [           main] .s.d.r.c.RepositoryConfigurationDelegate : Bootstrapping Spring Data JPA repositories in DEFAULT mode.
2024-12-19T17:56:13.801+01:00  INFO 69185 --- [           main] .s.d.r.c.RepositoryConfigurationDelegate : Finished Spring Data repository scanning in 6 ms. Found 3 JPA repository interfaces.
2024-12-19T17:56:13.853+01:00  INFO 69185 --- [           main] o.hibernate.jpa.internal.util.LogHelper  : HHH000204: Processing PersistenceUnitInfo [name: default]
2024-12-19T17:56:13.854+01:00  INFO 69185 --- [           main] o.h.c.internal.RegionFactoryInitiator    : HHH000026: Second-level cache disabled
2024-12-19T17:56:13.861+01:00  INFO 69185 --- [           main] o.s.o.j.p.SpringPersistenceUnitInfo      : No LoadTimeWeaver setup: ignoring JPA class transformer
2024-12-19T17:56:13.862+01:00  INFO 69185 --- [           main] com.zaxxer.hikari.HikariDataSource       : HikariPool-4 - Starting...
2024-12-19T17:56:13.864+01:00  INFO 69185 --- [           main] com.zaxxer.hikari.pool.HikariPool        : HikariPool-4 - Added connection conn25: url=jdbc:h2:mem:testdb user=SA
2024-12-19T17:56:13.864+01:00  INFO 69185 --- [           main] com.zaxxer.hikari.HikariDataSource       : HikariPool-4 - Start completed.
2024-12-19T17:56:13.865+01:00  WARN 69185 --- [           main] org.hibernate.orm.deprecation            : HHH90000025: H2Dialect does not need to be specified explicitly using 'hibernate.dialect' (remove the property setting and it will be selected by default)
2024-12-19T17:56:13.866+01:00  INFO 69185 --- [           main] org.hibernate.orm.connections.pooling    : HHH10001005: Database info:
	Database JDBC URL [Connecting through datasource 'HikariDataSource (HikariPool-4)']
	Database driver: undefined/unknown
	Database version: 2.3.232
	Autocommit mode: undefined/unknown
	Isolation level: undefined/unknown
	Minimum pool size: undefined/unknown
	Maximum pool size: undefined/unknown
2024-12-19T17:56:13.923+01:00  INFO 69185 --- [           main] o.h.e.t.j.p.i.JtaPlatformInitiator       : HHH000489: No JTA platform available (set 'hibernate.transaction.jta.platform' to enable JTA platform integration)
Hibernate: drop table if exists element cascade 
Hibernate: drop table if exists element_group cascade 
Hibernate: drop table if exists more_element_data cascade 
Hibernate: create table element (athomic_number integer, discovery_date DATE, element_group bigint, id bigint generated by default as identity, discovered_by varchar(255), name varchar(255), symbol varchar(255), primary key (id))
Hibernate: create table element_group (group_number integer, id_group bigint generated by default as identity, description varchar(255), name varchar(255), primary key (id_group))
Hibernate: create table more_element_data (molecular_weight float(24) not null, element_id bigint unique, id bigint generated by default as identity, natural_location varchar(255), physical_state enum ('GAS','LIQUID','SOLID'), primary key (id))
Hibernate: alter table if exists element add constraint FKh9q003rpu4hnbvn03it0u9n7c foreign key (element_group) references element_group
Hibernate: alter table if exists more_element_data add constraint FKsg87vjjy8k6i943qp4teecexs foreign key (element_id) references element
2024-12-19T17:56:13.929+01:00  INFO 69185 --- [           main] j.LocalContainerEntityManagerFactoryBean : Initialized JPA EntityManagerFactory for persistence unit 'default'
2024-12-19T17:56:13.983+01:00  WARN 69185 --- [           main] JpaBaseConfiguration$JpaWebConfiguration : spring.jpa.open-in-view is enabled by default. Therefore, database queries may be performed during view rendering. Explicitly configure spring.jpa.open-in-view to disable this warning
2024-12-19T17:56:14.039+01:00  INFO 69185 --- [           main] o.s.b.a.h2.H2ConsoleAutoConfiguration    : H2 console available at '/h2-console'. Database available at 'jdbc:h2:mem:testdb'
2024-12-19T17:56:14.049+01:00  INFO 69185 --- [           main] o.s.b.t.m.w.SpringBootMockServletContext : Initializing Spring TestDispatcherServlet ''
2024-12-19T17:56:14.049+01:00  INFO 69185 --- [           main] o.s.t.web.servlet.TestDispatcherServlet  : Initializing Servlet ''
2024-12-19T17:56:14.049+01:00  INFO 69185 --- [           main] o.s.t.web.servlet.TestDispatcherServlet  : Completed initialization in 0 ms
2024-12-19T17:56:14.054+01:00  INFO 69185 --- [           main] o.e.Controllers.GroupAcceptanceTest      : Started GroupAcceptanceTest in 0.41 seconds (process running for 6.708)
Hibernate: insert into element_group (description,group_number,name,id_group) values (?,?,?,default)
Hibernate: select eg1_0.id_group,eg1_0.description,eg1_0.group_number,eg1_0.name from element_group eg1_0
2024-12-19T17:56:14.085+01:00  INFO 69185 --- [           main] j.LocalContainerEntityManagerFactoryBean : Closing JPA EntityManagerFactory for persistence unit 'default'
Hibernate: drop table if exists element cascade 
Hibernate: drop table if exists element_group cascade 
Hibernate: drop table if exists more_element_data cascade 
2024-12-19T17:56:14.087+01:00  INFO 69185 --- [           main] com.zaxxer.hikari.HikariDataSource       : HikariPool-4 - Shutdown initiated...
2024-12-19T17:56:14.088+01:00  INFO 69185 --- [           main] com.zaxxer.hikari.HikariDataSource       : HikariPool-4 - Shutdown completed.
]]></system-out>
  </testcase>
  <testcase name="givenGroupById_whenUpdate_thenReturnSuccess" classname="org.example.Controllers.GroupAcceptanceTest" time="0.041">
    <system-out><![CDATA[2024-12-19T17:56:14.090+01:00  INFO 69185 --- [           main] o.s.b.d.r.RestartApplicationListener     : Restart disabled due to context in which it is running

  .   ____          _            __ _ _
 /\\ / ___'_ __ _ _(_)_ __  __ _ \ \ \ \
( ( )\___ | '_ | '_| | '_ \/ _` | \ \ \ \
 \\/  ___)| |_)| | | | | || (_| |  ) ) ) )
  '  |____| .__|_| |_|_| |_\__, | / / / /
 =========|_|==============|___/=/_/_/_/

 :: Spring Boot ::                (v3.4.0)

2024-12-19T17:56:14.109+01:00  INFO 69185 --- [           main] o.e.Controllers.GroupAcceptanceTest      : Starting GroupAcceptanceTest using Java 21.0.5 with PID 69185 (started by lay in /home/lay/Documentos/bootcamp/springboot/MendeleevAPI)
2024-12-19T17:56:14.110+01:00  INFO 69185 --- [           main] o.e.Controllers.GroupAcceptanceTest      : The following 1 profile is active: "test"
2024-12-19T17:56:14.222+01:00  INFO 69185 --- [           main] .s.d.r.c.RepositoryConfigurationDelegate : Bootstrapping Spring Data JPA repositories in DEFAULT mode.
2024-12-19T17:56:14.229+01:00  INFO 69185 --- [           main] .s.d.r.c.RepositoryConfigurationDelegate : Finished Spring Data repository scanning in 5 ms. Found 3 JPA repository interfaces.
2024-12-19T17:56:14.282+01:00  INFO 69185 --- [           main] o.hibernate.jpa.internal.util.LogHelper  : HHH000204: Processing PersistenceUnitInfo [name: default]
2024-12-19T17:56:14.284+01:00  INFO 69185 --- [           main] o.h.c.internal.RegionFactoryInitiator    : HHH000026: Second-level cache disabled
2024-12-19T17:56:14.291+01:00  INFO 69185 --- [           main] o.s.o.j.p.SpringPersistenceUnitInfo      : No LoadTimeWeaver setup: ignoring JPA class transformer
2024-12-19T17:56:14.292+01:00  INFO 69185 --- [           main] com.zaxxer.hikari.HikariDataSource       : HikariPool-5 - Starting...
2024-12-19T17:56:14.293+01:00  INFO 69185 --- [           main] com.zaxxer.hikari.pool.HikariPool        : HikariPool-5 - Added connection conn30: url=jdbc:h2:mem:testdb user=SA
2024-12-19T17:56:14.293+01:00  INFO 69185 --- [           main] com.zaxxer.hikari.HikariDataSource       : HikariPool-5 - Start completed.
2024-12-19T17:56:14.294+01:00  WARN 69185 --- [           main] org.hibernate.orm.deprecation            : HHH90000025: H2Dialect does not need to be specified explicitly using 'hibernate.dialect' (remove the property setting and it will be selected by default)
2024-12-19T17:56:14.294+01:00  INFO 69185 --- [           main] org.hibernate.orm.connections.pooling    : HHH10001005: Database info:
	Database JDBC URL [Connecting through datasource 'HikariDataSource (HikariPool-5)']
	Database driver: undefined/unknown
	Database version: 2.3.232
	Autocommit mode: undefined/unknown
	Isolation level: undefined/unknown
	Minimum pool size: undefined/unknown
	Maximum pool size: undefined/unknown
2024-12-19T17:56:14.344+01:00  INFO 69185 --- [           main] o.h.e.t.j.p.i.JtaPlatformInitiator       : HHH000489: No JTA platform available (set 'hibernate.transaction.jta.platform' to enable JTA platform integration)
Hibernate: drop table if exists element cascade 
Hibernate: drop table if exists element_group cascade 
Hibernate: drop table if exists more_element_data cascade 
Hibernate: create table element (athomic_number integer, discovery_date DATE, element_group bigint, id bigint generated by default as identity, discovered_by varchar(255), name varchar(255), symbol varchar(255), primary key (id))
Hibernate: create table element_group (group_number integer, id_group bigint generated by default as identity, description varchar(255), name varchar(255), primary key (id_group))
Hibernate: create table more_element_data (molecular_weight float(24) not null, element_id bigint unique, id bigint generated by default as identity, natural_location varchar(255), physical_state enum ('GAS','LIQUID','SOLID'), primary key (id))
Hibernate: alter table if exists element add constraint FKh9q003rpu4hnbvn03it0u9n7c foreign key (element_group) references element_group
Hibernate: alter table if exists more_element_data add constraint FKsg87vjjy8k6i943qp4teecexs foreign key (element_id) references element
2024-12-19T17:56:14.348+01:00  INFO 69185 --- [           main] j.LocalContainerEntityManagerFactoryBean : Initialized JPA EntityManagerFactory for persistence unit 'default'
2024-12-19T17:56:14.404+01:00  WARN 69185 --- [           main] JpaBaseConfiguration$JpaWebConfiguration : spring.jpa.open-in-view is enabled by default. Therefore, database queries may be performed during view rendering. Explicitly configure spring.jpa.open-in-view to disable this warning
2024-12-19T17:56:14.454+01:00  INFO 69185 --- [           main] o.s.b.a.h2.H2ConsoleAutoConfiguration    : H2 console available at '/h2-console'. Database available at 'jdbc:h2:mem:testdb'
2024-12-19T17:56:14.464+01:00  INFO 69185 --- [           main] o.s.b.t.m.w.SpringBootMockServletContext : Initializing Spring TestDispatcherServlet ''
2024-12-19T17:56:14.464+01:00  INFO 69185 --- [           main] o.s.t.web.servlet.TestDispatcherServlet  : Initializing Servlet ''
2024-12-19T17:56:14.464+01:00  INFO 69185 --- [           main] o.s.t.web.servlet.TestDispatcherServlet  : Completed initialization in 0 ms
2024-12-19T17:56:14.475+01:00  INFO 69185 --- [           main] o.e.Controllers.GroupAcceptanceTest      : Started GroupAcceptanceTest in 0.385 seconds (process running for 7.129)
Hibernate: insert into element_group (description,group_number,name,id_group) values (?,?,?,default)
Hibernate: select eg1_0.id_group,eg1_0.description,eg1_0.group_number,eg1_0.name from element_group eg1_0 where eg1_0.id_group=?
2024-12-19T17:56:14.495+01:00  INFO 69185 --- [           main] j.LocalContainerEntityManagerFactoryBean : Closing JPA EntityManagerFactory for persistence unit 'default'
Hibernate: drop table if exists element cascade 
Hibernate: drop table if exists element_group cascade 
Hibernate: drop table if exists more_element_data cascade 
2024-12-19T17:56:14.497+01:00  INFO 69185 --- [           main] com.zaxxer.hikari.HikariDataSource       : HikariPool-5 - Shutdown initiated...
2024-12-19T17:56:14.517+01:00  INFO 69185 --- [           main] com.zaxxer.hikari.HikariDataSource       : HikariPool-5 - Shutdown completed.
]]></system-out>
  </testcase>
  <testcase name="givenValidIdGroup_whenGetRequestIsMade_thenReturnSuccess" classname="org.example.Controllers.GroupAcceptanceTest" time="0.033">
    <system-out><![CDATA[2024-12-19T17:56:14.521+01:00  INFO 69185 --- [           main] o.s.b.d.r.RestartApplicationListener     : Restart disabled due to context in which it is running

  .   ____          _            __ _ _
 /\\ / ___'_ __ _ _(_)_ __  __ _ \ \ \ \
( ( )\___ | '_ | '_| | '_ \/ _` | \ \ \ \
 \\/  ___)| |_)| | | | | || (_| |  ) ) ) )
  '  |____| .__|_| |_|_| |_\__, | / / / /
 =========|_|==============|___/=/_/_/_/

 :: Spring Boot ::                (v3.4.0)

2024-12-19T17:56:14.543+01:00  INFO 69185 --- [           main] o.e.Controllers.GroupAcceptanceTest      : Starting GroupAcceptanceTest using Java 21.0.5 with PID 69185 (started by lay in /home/lay/Documentos/bootcamp/springboot/MendeleevAPI)
2024-12-19T17:56:14.543+01:00  INFO 69185 --- [           main] o.e.Controllers.GroupAcceptanceTest      : The following 1 profile is active: "test"
2024-12-19T17:56:14.627+01:00  INFO 69185 --- [           main] .s.d.r.c.RepositoryConfigurationDelegate : Bootstrapping Spring Data JPA repositories in DEFAULT mode.
2024-12-19T17:56:14.633+01:00  INFO 69185 --- [           main] .s.d.r.c.RepositoryConfigurationDelegate : Finished Spring Data repository scanning in 5 ms. Found 3 JPA repository interfaces.
2024-12-19T17:56:14.681+01:00  INFO 69185 --- [           main] o.hibernate.jpa.internal.util.LogHelper  : HHH000204: Processing PersistenceUnitInfo [name: default]
2024-12-19T17:56:14.682+01:00  INFO 69185 --- [           main] o.h.c.internal.RegionFactoryInitiator    : HHH000026: Second-level cache disabled
2024-12-19T17:56:14.689+01:00  INFO 69185 --- [           main] o.s.o.j.p.SpringPersistenceUnitInfo      : No LoadTimeWeaver setup: ignoring JPA class transformer
2024-12-19T17:56:14.689+01:00  INFO 69185 --- [           main] com.zaxxer.hikari.HikariDataSource       : HikariPool-6 - Starting...
2024-12-19T17:56:14.691+01:00  INFO 69185 --- [           main] com.zaxxer.hikari.pool.HikariPool        : HikariPool-6 - Added connection conn35: url=jdbc:h2:mem:testdb user=SA
2024-12-19T17:56:14.692+01:00  INFO 69185 --- [           main] com.zaxxer.hikari.HikariDataSource       : HikariPool-6 - Start completed.
2024-12-19T17:56:14.692+01:00  WARN 69185 --- [           main] org.hibernate.orm.deprecation            : HHH90000025: H2Dialect does not need to be specified explicitly using 'hibernate.dialect' (remove the property setting and it will be selected by default)
2024-12-19T17:56:14.693+01:00  INFO 69185 --- [           main] org.hibernate.orm.connections.pooling    : HHH10001005: Database info:
	Database JDBC URL [Connecting through datasource 'HikariDataSource (HikariPool-6)']
	Database driver: undefined/unknown
	Database version: 2.3.232
	Autocommit mode: undefined/unknown
	Isolation level: undefined/unknown
	Minimum pool size: undefined/unknown
	Maximum pool size: undefined/unknown
2024-12-19T17:56:14.756+01:00  INFO 69185 --- [           main] o.h.e.t.j.p.i.JtaPlatformInitiator       : HHH000489: No JTA platform available (set 'hibernate.transaction.jta.platform' to enable JTA platform integration)
Hibernate: drop table if exists element cascade 
Hibernate: drop table if exists element_group cascade 
Hibernate: drop table if exists more_element_data cascade 
Hibernate: create table element (athomic_number integer, discovery_date DATE, element_group bigint, id bigint generated by default as identity, discovered_by varchar(255), name varchar(255), symbol varchar(255), primary key (id))
Hibernate: create table element_group (group_number integer, id_group bigint generated by default as identity, description varchar(255), name varchar(255), primary key (id_group))
Hibernate: create table more_element_data (molecular_weight float(24) not null, element_id bigint unique, id bigint generated by default as identity, natural_location varchar(255), physical_state enum ('GAS','LIQUID','SOLID'), primary key (id))
Hibernate: alter table if exists element add constraint FKh9q003rpu4hnbvn03it0u9n7c foreign key (element_group) references element_group
Hibernate: alter table if exists more_element_data add constraint FKsg87vjjy8k6i943qp4teecexs foreign key (element_id) references element
2024-12-19T17:56:14.763+01:00  INFO 69185 --- [           main] j.LocalContainerEntityManagerFactoryBean : Initialized JPA EntityManagerFactory for persistence unit 'default'
2024-12-19T17:56:14.811+01:00  WARN 69185 --- [           main] JpaBaseConfiguration$JpaWebConfiguration : spring.jpa.open-in-view is enabled by default. Therefore, database queries may be performed during view rendering. Explicitly configure spring.jpa.open-in-view to disable this warning
2024-12-19T17:56:14.857+01:00  INFO 69185 --- [           main] o.s.b.a.h2.H2ConsoleAutoConfiguration    : H2 console available at '/h2-console'. Database available at 'jdbc:h2:mem:testdb'
2024-12-19T17:56:14.873+01:00  INFO 69185 --- [           main] o.s.b.t.m.w.SpringBootMockServletContext : Initializing Spring TestDispatcherServlet ''
2024-12-19T17:56:14.873+01:00  INFO 69185 --- [           main] o.s.t.web.servlet.TestDispatcherServlet  : Initializing Servlet ''
2024-12-19T17:56:14.874+01:00  INFO 69185 --- [           main] o.s.t.web.servlet.TestDispatcherServlet  : Completed initialization in 1 ms
2024-12-19T17:56:14.880+01:00  INFO 69185 --- [           main] o.e.Controllers.GroupAcceptanceTest      : Started GroupAcceptanceTest in 0.36 seconds (process running for 7.534)
Hibernate: insert into element_group (description,group_number,name,id_group) values (?,?,?,default)
Hibernate: select eg1_0.id_group,eg1_0.description,eg1_0.group_number,eg1_0.name from element_group eg1_0 where eg1_0.id_group=?
2024-12-19T17:56:14.904+01:00  INFO 69185 --- [           main] j.LocalContainerEntityManagerFactoryBean : Closing JPA EntityManagerFactory for persistence unit 'default'
Hibernate: drop table if exists element cascade 
Hibernate: drop table if exists element_group cascade 
Hibernate: drop table if exists more_element_data cascade 
2024-12-19T17:56:14.906+01:00  INFO 69185 --- [           main] com.zaxxer.hikari.HikariDataSource       : HikariPool-6 - Shutdown initiated...
2024-12-19T17:56:14.915+01:00  INFO 69185 --- [           main] com.zaxxer.hikari.HikariDataSource       : HikariPool-6 - Shutdown completed.
]]></system-out>
  </testcase>
  <testcase name="givenAValidGroup_whenPostRequestIsMade_thenReturnSuccess" classname="org.example.Controllers.GroupAcceptanceTest" time="0.033">
    <system-out><![CDATA[2024-12-19T17:56:14.919+01:00  INFO 69185 --- [           main] o.s.b.d.r.RestartApplicationListener     : Restart disabled due to context in which it is running

  .   ____          _            __ _ _
 /\\ / ___'_ __ _ _(_)_ __  __ _ \ \ \ \
( ( )\___ | '_ | '_| | '_ \/ _` | \ \ \ \
 \\/  ___)| |_)| | | | | || (_| |  ) ) ) )
  '  |____| .__|_| |_|_| |_\__, | / / / /
 =========|_|==============|___/=/_/_/_/

 :: Spring Boot ::                (v3.4.0)

2024-12-19T17:56:14.939+01:00  INFO 69185 --- [           main] o.e.Controllers.GroupAcceptanceTest      : Starting GroupAcceptanceTest using Java 21.0.5 with PID 69185 (started by lay in /home/lay/Documentos/bootcamp/springboot/MendeleevAPI)
2024-12-19T17:56:14.940+01:00  INFO 69185 --- [           main] o.e.Controllers.GroupAcceptanceTest      : The following 1 profile is active: "test"
2024-12-19T17:56:15.049+01:00  INFO 69185 --- [           main] .s.d.r.c.RepositoryConfigurationDelegate : Bootstrapping Spring Data JPA repositories in DEFAULT mode.
2024-12-19T17:56:15.055+01:00  INFO 69185 --- [           main] .s.d.r.c.RepositoryConfigurationDelegate : Finished Spring Data repository scanning in 5 ms. Found 3 JPA repository interfaces.
2024-12-19T17:56:15.103+01:00  INFO 69185 --- [           main] o.hibernate.jpa.internal.util.LogHelper  : HHH000204: Processing PersistenceUnitInfo [name: default]
2024-12-19T17:56:15.104+01:00  INFO 69185 --- [           main] o.h.c.internal.RegionFactoryInitiator    : HHH000026: Second-level cache disabled
2024-12-19T17:56:15.110+01:00  INFO 69185 --- [           main] o.s.o.j.p.SpringPersistenceUnitInfo      : No LoadTimeWeaver setup: ignoring JPA class transformer
2024-12-19T17:56:15.111+01:00  INFO 69185 --- [           main] com.zaxxer.hikari.HikariDataSource       : HikariPool-7 - Starting...
2024-12-19T17:56:15.112+01:00  INFO 69185 --- [           main] com.zaxxer.hikari.pool.HikariPool        : HikariPool-7 - Added connection conn40: url=jdbc:h2:mem:testdb user=SA
2024-12-19T17:56:15.112+01:00  INFO 69185 --- [           main] com.zaxxer.hikari.HikariDataSource       : HikariPool-7 - Start completed.
2024-12-19T17:56:15.113+01:00  WARN 69185 --- [           main] org.hibernate.orm.deprecation            : HHH90000025: H2Dialect does not need to be specified explicitly using 'hibernate.dialect' (remove the property setting and it will be selected by default)
2024-12-19T17:56:15.113+01:00  INFO 69185 --- [           main] org.hibernate.orm.connections.pooling    : HHH10001005: Database info:
	Database JDBC URL [Connecting through datasource 'HikariDataSource (HikariPool-7)']
	Database driver: undefined/unknown
	Database version: 2.3.232
	Autocommit mode: undefined/unknown
	Isolation level: undefined/unknown
	Minimum pool size: undefined/unknown
	Maximum pool size: undefined/unknown
2024-12-19T17:56:15.161+01:00  INFO 69185 --- [           main] o.h.e.t.j.p.i.JtaPlatformInitiator       : HHH000489: No JTA platform available (set 'hibernate.transaction.jta.platform' to enable JTA platform integration)
Hibernate: drop table if exists element cascade 
Hibernate: drop table if exists element_group cascade 
Hibernate: drop table if exists more_element_data cascade 
Hibernate: create table element (athomic_number integer, discovery_date DATE, element_group bigint, id bigint generated by default as identity, discovered_by varchar(255), name varchar(255), symbol varchar(255), primary key (id))
Hibernate: create table element_group (group_number integer, id_group bigint generated by default as identity, description varchar(255), name varchar(255), primary key (id_group))
Hibernate: create table more_element_data (molecular_weight float(24) not null, element_id bigint unique, id bigint generated by default as identity, natural_location varchar(255), physical_state enum ('GAS','LIQUID','SOLID'), primary key (id))
Hibernate: alter table if exists element add constraint FKh9q003rpu4hnbvn03it0u9n7c foreign key (element_group) references element_group
Hibernate: alter table if exists more_element_data add constraint FKsg87vjjy8k6i943qp4teecexs foreign key (element_id) references element
2024-12-19T17:56:15.167+01:00  INFO 69185 --- [           main] j.LocalContainerEntityManagerFactoryBean : Initialized JPA EntityManagerFactory for persistence unit 'default'
2024-12-19T17:56:15.215+01:00  WARN 69185 --- [           main] JpaBaseConfiguration$JpaWebConfiguration : spring.jpa.open-in-view is enabled by default. Therefore, database queries may be performed during view rendering. Explicitly configure spring.jpa.open-in-view to disable this warning
2024-12-19T17:56:15.256+01:00  INFO 69185 --- [           main] o.s.b.a.h2.H2ConsoleAutoConfiguration    : H2 console available at '/h2-console'. Database available at 'jdbc:h2:mem:testdb'
2024-12-19T17:56:15.267+01:00  INFO 69185 --- [           main] o.s.b.t.m.w.SpringBootMockServletContext : Initializing Spring TestDispatcherServlet ''
2024-12-19T17:56:15.267+01:00  INFO 69185 --- [           main] o.s.t.web.servlet.TestDispatcherServlet  : Initializing Servlet ''
2024-12-19T17:56:15.267+01:00  INFO 69185 --- [           main] o.s.t.web.servlet.TestDispatcherServlet  : Completed initialization in 0 ms
2024-12-19T17:56:15.272+01:00  INFO 69185 --- [           main] o.e.Controllers.GroupAcceptanceTest      : Started GroupAcceptanceTest in 0.354 seconds (process running for 7.926)
Hibernate: insert into element_group (description,group_number,name,id_group) values (?,?,?,default)
Hibernate: insert into element_group (description,group_number,name,id_group) values (?,?,?,default)
2024-12-19T17:56:15.290+01:00  INFO 69185 --- [           main] j.LocalContainerEntityManagerFactoryBean : Closing JPA EntityManagerFactory for persistence unit 'default'
Hibernate: drop table if exists element cascade 
Hibernate: drop table if exists element_group cascade 
Hibernate: drop table if exists more_element_data cascade 
2024-12-19T17:56:15.293+01:00  INFO 69185 --- [           main] com.zaxxer.hikari.HikariDataSource       : HikariPool-7 - Shutdown initiated...
2024-12-19T17:56:15.305+01:00  INFO 69185 --- [           main] com.zaxxer.hikari.HikariDataSource       : HikariPool-7 - Shutdown completed.
]]></system-out>
  </testcase>
  <testcase name="givenGroupById_whenDelete_theReturnSuccess" classname="org.example.Controllers.GroupAcceptanceTest" time="0.033">
    <system-out><![CDATA[2024-12-19T17:56:15.308+01:00  INFO 69185 --- [           main] o.s.b.d.r.RestartApplicationListener     : Restart disabled due to context in which it is running

  .   ____          _            __ _ _
 /\\ / ___'_ __ _ _(_)_ __  __ _ \ \ \ \
( ( )\___ | '_ | '_| | '_ \/ _` | \ \ \ \
 \\/  ___)| |_)| | | | | || (_| |  ) ) ) )
  '  |____| .__|_| |_|_| |_\__, | / / / /
 =========|_|==============|___/=/_/_/_/

 :: Spring Boot ::                (v3.4.0)

2024-12-19T17:56:15.329+01:00  INFO 69185 --- [           main] o.e.Controllers.GroupAcceptanceTest      : Starting GroupAcceptanceTest using Java 21.0.5 with PID 69185 (started by lay in /home/lay/Documentos/bootcamp/springboot/MendeleevAPI)
2024-12-19T17:56:15.329+01:00  INFO 69185 --- [           main] o.e.Controllers.GroupAcceptanceTest      : The following 1 profile is active: "test"
2024-12-19T17:56:15.422+01:00  INFO 69185 --- [           main] .s.d.r.c.RepositoryConfigurationDelegate : Bootstrapping Spring Data JPA repositories in DEFAULT mode.
2024-12-19T17:56:15.426+01:00  INFO 69185 --- [           main] .s.d.r.c.RepositoryConfigurationDelegate : Finished Spring Data repository scanning in 4 ms. Found 3 JPA repository interfaces.
2024-12-19T17:56:15.471+01:00  INFO 69185 --- [           main] o.hibernate.jpa.internal.util.LogHelper  : HHH000204: Processing PersistenceUnitInfo [name: default]
2024-12-19T17:56:15.472+01:00  INFO 69185 --- [           main] o.h.c.internal.RegionFactoryInitiator    : HHH000026: Second-level cache disabled
2024-12-19T17:56:15.479+01:00  INFO 69185 --- [           main] o.s.o.j.p.SpringPersistenceUnitInfo      : No LoadTimeWeaver setup: ignoring JPA class transformer
2024-12-19T17:56:15.480+01:00  INFO 69185 --- [           main] com.zaxxer.hikari.HikariDataSource       : HikariPool-8 - Starting...
2024-12-19T17:56:15.483+01:00  INFO 69185 --- [           main] com.zaxxer.hikari.pool.HikariPool        : HikariPool-8 - Added connection conn44: url=jdbc:h2:mem:testdb user=SA
2024-12-19T17:56:15.483+01:00  INFO 69185 --- [           main] com.zaxxer.hikari.HikariDataSource       : HikariPool-8 - Start completed.
2024-12-19T17:56:15.483+01:00  WARN 69185 --- [           main] org.hibernate.orm.deprecation            : HHH90000025: H2Dialect does not need to be specified explicitly using 'hibernate.dialect' (remove the property setting and it will be selected by default)
2024-12-19T17:56:15.484+01:00  INFO 69185 --- [           main] org.hibernate.orm.connections.pooling    : HHH10001005: Database info:
	Database JDBC URL [Connecting through datasource 'HikariDataSource (HikariPool-8)']
	Database driver: undefined/unknown
	Database version: 2.3.232
	Autocommit mode: undefined/unknown
	Isolation level: undefined/unknown
	Minimum pool size: undefined/unknown
	Maximum pool size: undefined/unknown
2024-12-19T17:56:15.529+01:00  INFO 69185 --- [           main] o.h.e.t.j.p.i.JtaPlatformInitiator       : HHH000489: No JTA platform available (set 'hibernate.transaction.jta.platform' to enable JTA platform integration)
Hibernate: drop table if exists element cascade 
Hibernate: drop table if exists element_group cascade 
Hibernate: drop table if exists more_element_data cascade 
Hibernate: create table element (athomic_number integer, discovery_date DATE, element_group bigint, id bigint generated by default as identity, discovered_by varchar(255), name varchar(255), symbol varchar(255), primary key (id))
Hibernate: create table element_group (group_number integer, id_group bigint generated by default as identity, description varchar(255), name varchar(255), primary key (id_group))
Hibernate: create table more_element_data (molecular_weight float(24) not null, element_id bigint unique, id bigint generated by default as identity, natural_location varchar(255), physical_state enum ('GAS','LIQUID','SOLID'), primary key (id))
Hibernate: alter table if exists element add constraint FKh9q003rpu4hnbvn03it0u9n7c foreign key (element_group) references element_group
Hibernate: alter table if exists more_element_data add constraint FKsg87vjjy8k6i943qp4teecexs foreign key (element_id) references element
2024-12-19T17:56:15.533+01:00  INFO 69185 --- [           main] j.LocalContainerEntityManagerFactoryBean : Initialized JPA EntityManagerFactory for persistence unit 'default'
2024-12-19T17:56:15.588+01:00  WARN 69185 --- [           main] JpaBaseConfiguration$JpaWebConfiguration : spring.jpa.open-in-view is enabled by default. Therefore, database queries may be performed during view rendering. Explicitly configure spring.jpa.open-in-view to disable this warning
2024-12-19T17:56:15.657+01:00  INFO 69185 --- [           main] o.s.b.a.h2.H2ConsoleAutoConfiguration    : H2 console available at '/h2-console'. Database available at 'jdbc:h2:mem:testdb'
2024-12-19T17:56:15.667+01:00  INFO 69185 --- [           main] o.s.b.t.m.w.SpringBootMockServletContext : Initializing Spring TestDispatcherServlet ''
2024-12-19T17:56:15.667+01:00  INFO 69185 --- [           main] o.s.t.web.servlet.TestDispatcherServlet  : Initializing Servlet ''
2024-12-19T17:56:15.667+01:00  INFO 69185 --- [           main] o.s.t.web.servlet.TestDispatcherServlet  : Completed initialization in 0 ms
2024-12-19T17:56:15.672+01:00  INFO 69185 --- [           main] o.e.Controllers.GroupAcceptanceTest      : Started GroupAcceptanceTest in 0.364 seconds (process running for 8.326)
Hibernate: insert into element_group (description,group_number,name,id_group) values (?,?,?,default)
Hibernate: select eg1_0.id_group,eg1_0.description,eg1_0.group_number,eg1_0.name from element_group eg1_0 where eg1_0.id_group=?
Hibernate: select le1_0.element_group,le1_0.id,le1_0.athomic_number,le1_0.discovered_by,le1_0.discovery_date,le1_0.name,le1_0.symbol from element le1_0 where le1_0.element_group=?
Hibernate: delete from element_group where id_group=?
Hibernate: select count(*) from element_group eg1_0
2024-12-19T17:56:15.694+01:00  INFO 69185 --- [           main] j.LocalContainerEntityManagerFactoryBean : Closing JPA EntityManagerFactory for persistence unit 'default'
Hibernate: drop table if exists element cascade 
Hibernate: drop table if exists element_group cascade 
Hibernate: drop table if exists more_element_data cascade 
2024-12-19T17:56:15.695+01:00  INFO 69185 --- [           main] com.zaxxer.hikari.HikariDataSource       : HikariPool-8 - Shutdown initiated...
2024-12-19T17:56:15.706+01:00  INFO 69185 --- [           main] com.zaxxer.hikari.HikariDataSource       : HikariPool-8 - Shutdown completed.
]]></system-out>
  </testcase>
</testsuite>